app/build/intermediates/manifest_merge_blame_file/debug/manifest-merger-blame-debug-report.txt
1<?xml version="1.0" encoding="utf-8"?>
2<manifest xmlns:android="http://schemas.android.com/apk/res/android"
3    package="com.creaginetech.lbbtutor"
4    android:versionCode="1"
5    android:versionName="1.0" >
6
7    <uses-sdk
8        android:minSdkVersion="19"
8-->src\main\AndroidManifest.xml
9        android:targetSdkVersion="28" />
9-->src\main\AndroidManifest.xml
10
11    <uses-permission android:name="android.permission.INTERNET" /> <!-- Although the *SdkVersion is captured in gradle build files, this is required for non gradle builds -->
11-->[com.firebaseui:firebase-ui-database:4.3.1] AndroidManifest.xml:11:5-67
11-->[com.firebaseui:firebase-ui-database:4.3.1] AndroidManifest.xml:11:22-64
12    <!-- <uses-sdk android:minSdkVersion="14"/> -->
13    <uses-permission android:name="android.permission.ACCESS_NETWORK_STATE" />
13-->[com.google.firebase:firebase-database:16.0.6] AndroidManifest.xml:24:5-79
13-->[com.google.firebase:firebase-database:16.0.6] AndroidManifest.xml:24:22-76
14    <uses-permission android:name="android.permission.WAKE_LOCK" />
14-->[com.google.firebase:firebase-measurement-connector-impl:17.0.5] AndroidManifest.xml:24:5-68
14-->[com.google.firebase:firebase-measurement-connector-impl:17.0.5] AndroidManifest.xml:24:22-65
15    <uses-permission android:name="com.google.android.finsky.permission.BIND_GET_INSTALL_REFERRER_SERVICE" /> <!-- Required by older versions of Google Play services to create IID tokens -->
15-->[com.google.firebase:firebase-analytics:16.3.0] AndroidManifest.xml:26:5-110
15-->[com.google.firebase:firebase-analytics:16.3.0] AndroidManifest.xml:26:22-107
16    <uses-permission android:name="com.google.android.c2dm.permission.RECEIVE" />
16-->[com.google.firebase:firebase-iid:17.0.4] AndroidManifest.xml:26:5-82
16-->[com.google.firebase:firebase-iid:17.0.4] AndroidManifest.xml:26:22-79
17
18    <application
18-->src\main\AndroidManifest.xml:5:5-25:19
19        android:allowBackup="true"
19-->src\main\AndroidManifest.xml:6:9-35
20        android:appComponentFactory="android.support.v4.app.CoreComponentFactory"
20-->[com.android.support:support-compat:28.0.0] AndroidManifest.xml:22:18-91
21        android:debuggable="true"
22        android:icon="@mipmap/ic_launcher"
22-->src\main\AndroidManifest.xml:7:9-43
23        android:label="@string/app_name"
23-->src\main\AndroidManifest.xml:8:9-41
24        android:roundIcon="@mipmap/ic_launcher_round"
24-->src\main\AndroidManifest.xml:9:9-54
25        android:supportsRtl="true"
25-->src\main\AndroidManifest.xml:10:9-35
26        android:testOnly="true"
27        android:theme="@style/AppTheme" >
27-->src\main\AndroidManifest.xml:11:9-40
28        <activity android:name="com.creaginetech.lbbtutor.AccountActivity" />
28-->src\main\AndroidManifest.xml:12:9-62
28-->src\main\AndroidManifest.xml:12:19-50
29        <activity android:name="com.creaginetech.lbbtutor.LoginActivity" />
29-->src\main\AndroidManifest.xml:13:9-51
29-->src\main\AndroidManifest.xml:13:19-48
30        <activity android:name="com.creaginetech.lbbtutor.InputPresensiActivity" />
30-->src\main\AndroidManifest.xml:14:9-59
30-->src\main\AndroidManifest.xml:14:19-56
31        <activity android:name="com.creaginetech.lbbtutor.SiswaActivity" />
31-->src\main\AndroidManifest.xml:15:9-51
31-->src\main\AndroidManifest.xml:15:19-48
32        <activity android:name="com.creaginetech.lbbtutor.JadwalActivity" />
32-->src\main\AndroidManifest.xml:16:9-52
32-->src\main\AndroidManifest.xml:16:19-49
33        <activity android:name="com.creaginetech.lbbtutor.PresensiActivity" />
33-->src\main\AndroidManifest.xml:17:9-54
33-->src\main\AndroidManifest.xml:17:19-51
34        <activity android:name="com.creaginetech.lbbtutor.MainActivity" >
34-->src\main\AndroidManifest.xml:18:9-24:20
34-->src\main\AndroidManifest.xml:18:19-47
35            <intent-filter>
35-->src\main\AndroidManifest.xml:19:13-23:29
36                <action android:name="android.intent.action.MAIN" />
36-->src\main\AndroidManifest.xml:20:17-69
36-->src\main\AndroidManifest.xml:20:25-66
37
38                <category android:name="android.intent.category.LAUNCHER" />
38-->src\main\AndroidManifest.xml:22:17-77
38-->src\main\AndroidManifest.xml:22:27-74
39            </intent-filter>
40        </activity>
41        <activity
41-->[com.google.firebase:firebase-auth:16.1.0] AndroidManifest.xml:24:9-31:50
42            android:name="com.google.firebase.auth.internal.FederatedSignInActivity"
42-->[com.google.firebase:firebase-auth:16.1.0] AndroidManifest.xml:25:13-85
43            android:excludeFromRecents="true"
43-->[com.google.firebase:firebase-auth:16.1.0] AndroidManifest.xml:26:13-46
44            android:exported="true"
44-->[com.google.firebase:firebase-auth:16.1.0] AndroidManifest.xml:27:13-36
45            android:launchMode="singleTask"
45-->[com.google.firebase:firebase-auth:16.1.0] AndroidManifest.xml:28:13-44
46            android:permission="com.google.firebase.auth.api.gms.permission.LAUNCH_FEDERATED_SIGN_IN"
46-->[com.google.firebase:firebase-auth:16.1.0] AndroidManifest.xml:29:13-102
47            android:theme="@android:style/Theme.Translucent.NoTitleBar" />
47-->[com.google.firebase:firebase-auth:16.1.0] AndroidManifest.xml:30:13-72
48
49        <service
49-->[com.google.firebase:firebase-auth:16.1.0] AndroidManifest.xml:33:9-39:19
50            android:name="com.google.firebase.components.ComponentDiscoveryService"
50-->[com.google.firebase:firebase-auth:16.1.0] AndroidManifest.xml:34:13-84
51            android:exported="false" >
51-->[com.google.firebase:firebase-auth:16.1.0] AndroidManifest.xml:35:13-37
52            <meta-data
52-->[com.google.firebase:firebase-auth:16.1.0] AndroidManifest.xml:36:13-38:85
53                android:name="com.google.firebase.components:com.google.firebase.auth.FirebaseAuthRegistrar"
53-->[com.google.firebase:firebase-auth:16.1.0] AndroidManifest.xml:37:17-109
54                android:value="com.google.firebase.components.ComponentRegistrar" />
54-->[com.google.firebase:firebase-auth:16.1.0] AndroidManifest.xml:38:17-82
55            <meta-data
55-->[com.google.firebase:firebase-measurement-connector-impl:17.0.5] AndroidManifest.xml:28:13-30:85
56                android:name="com.google.firebase.components:com.google.firebase.analytics.connector.internal.AnalyticsConnectorRegistrar"
56-->[com.google.firebase:firebase-measurement-connector-impl:17.0.5] AndroidManifest.xml:29:17-139
57                android:value="com.google.firebase.components.ComponentRegistrar" />
57-->[com.google.firebase:firebase-measurement-connector-impl:17.0.5] AndroidManifest.xml:30:17-82
58            <meta-data
58-->[com.google.firebase:firebase-iid:17.0.4] AndroidManifest.xml:32:13-34:85
59                android:name="com.google.firebase.components:com.google.firebase.iid.Registrar"
59-->[com.google.firebase:firebase-iid:17.0.4] AndroidManifest.xml:33:17-96
60                android:value="com.google.firebase.components.ComponentRegistrar" />
60-->[com.google.firebase:firebase-iid:17.0.4] AndroidManifest.xml:34:17-82
61        </service>
62        <!--
63             FirebaseMessagingService performs security checks at runtime,
64             no need for explicit permissions despite exported="true"
65        -->
66        <service
66-->[com.google.firebase:firebase-messaging:17.3.4] AndroidManifest.xml:28:9-34:19
67            android:name="com.google.firebase.messaging.FirebaseMessagingService"
67-->[com.google.firebase:firebase-messaging:17.3.4] AndroidManifest.xml:29:13-82
68            android:exported="true" >
68-->[com.google.firebase:firebase-messaging:17.3.4] AndroidManifest.xml:30:13-36
69            <intent-filter android:priority="-500" >
69-->[com.google.firebase:firebase-messaging:17.3.4] AndroidManifest.xml:31:13-33:29
69-->[com.google.firebase:firebase-messaging:17.3.4] AndroidManifest.xml:31:28-51
70                <action android:name="com.google.firebase.MESSAGING_EVENT" />
70-->[com.google.firebase:firebase-messaging:17.3.4] AndroidManifest.xml:32:17-78
70-->[com.google.firebase:firebase-messaging:17.3.4] AndroidManifest.xml:32:25-75
71            </intent-filter>
72        </service>
73
74        <receiver
74-->[com.google.firebase:firebase-analytics:16.3.0] AndroidManifest.xml:29:9-33:20
75            android:name="com.google.android.gms.measurement.AppMeasurementReceiver"
75-->[com.google.firebase:firebase-analytics:16.3.0] AndroidManifest.xml:30:13-85
76            android:enabled="true"
76-->[com.google.firebase:firebase-analytics:16.3.0] AndroidManifest.xml:31:13-35
77            android:exported="false" >
77-->[com.google.firebase:firebase-analytics:16.3.0] AndroidManifest.xml:32:13-37
78        </receiver>
79        <receiver
79-->[com.google.firebase:firebase-analytics:16.3.0] AndroidManifest.xml:34:9-42:20
80            android:name="com.google.android.gms.measurement.AppMeasurementInstallReferrerReceiver"
80-->[com.google.firebase:firebase-analytics:16.3.0] AndroidManifest.xml:35:13-100
81            android:enabled="true"
81-->[com.google.firebase:firebase-analytics:16.3.0] AndroidManifest.xml:36:13-35
82            android:exported="true"
82-->[com.google.firebase:firebase-analytics:16.3.0] AndroidManifest.xml:37:13-36
83            android:permission="android.permission.INSTALL_PACKAGES" >
83-->[com.google.firebase:firebase-analytics:16.3.0] AndroidManifest.xml:38:13-69
84            <intent-filter>
84-->[com.google.firebase:firebase-analytics:16.3.0] AndroidManifest.xml:39:13-41:29
85                <action android:name="com.android.vending.INSTALL_REFERRER" />
85-->[com.google.firebase:firebase-analytics:16.3.0] AndroidManifest.xml:40:17-79
85-->[com.google.firebase:firebase-analytics:16.3.0] AndroidManifest.xml:40:25-76
86            </intent-filter>
87        </receiver>
88
89        <service
89-->[com.google.firebase:firebase-analytics:16.3.0] AndroidManifest.xml:44:9-47:40
90            android:name="com.google.android.gms.measurement.AppMeasurementService"
90-->[com.google.firebase:firebase-analytics:16.3.0] AndroidManifest.xml:45:13-84
91            android:enabled="true"
91-->[com.google.firebase:firebase-analytics:16.3.0] AndroidManifest.xml:46:13-35
92            android:exported="false" />
92-->[com.google.firebase:firebase-analytics:16.3.0] AndroidManifest.xml:47:13-37
93        <service
93-->[com.google.firebase:firebase-analytics:16.3.0] AndroidManifest.xml:48:9-52:72
94            android:name="com.google.android.gms.measurement.AppMeasurementJobService"
94-->[com.google.firebase:firebase-analytics:16.3.0] AndroidManifest.xml:49:13-87
95            android:enabled="true"
95-->[com.google.firebase:firebase-analytics:16.3.0] AndroidManifest.xml:50:13-35
96            android:exported="false"
96-->[com.google.firebase:firebase-analytics:16.3.0] AndroidManifest.xml:51:13-37
97            android:permission="android.permission.BIND_JOB_SERVICE" />
97-->[com.google.firebase:firebase-analytics:16.3.0] AndroidManifest.xml:52:13-69
98
99        <receiver
99-->[com.google.firebase:firebase-iid:17.0.4] AndroidManifest.xml:37:9-44:20
100            android:name="com.google.firebase.iid.FirebaseInstanceIdReceiver"
100-->[com.google.firebase:firebase-iid:17.0.4] AndroidManifest.xml:38:13-78
101            android:exported="true"
101-->[com.google.firebase:firebase-iid:17.0.4] AndroidManifest.xml:39:13-36
102            android:permission="com.google.android.c2dm.permission.SEND" >
102-->[com.google.firebase:firebase-iid:17.0.4] AndroidManifest.xml:40:13-73
103            <intent-filter>
103-->[com.google.firebase:firebase-iid:17.0.4] AndroidManifest.xml:41:13-43:29
104                <action android:name="com.google.android.c2dm.intent.RECEIVE" />
104-->[com.google.firebase:firebase-iid:17.0.4] AndroidManifest.xml:42:17-81
104-->[com.google.firebase:firebase-iid:17.0.4] AndroidManifest.xml:42:25-78
105            </intent-filter>
106        </receiver>
107        <!--
108             FirebaseInstanceIdService performs security checks at runtime,
109             no need for explicit permissions despite exported="true"
110        -->
111        <service
111-->[com.google.firebase:firebase-iid:17.0.4] AndroidManifest.xml:50:9-56:19
112            android:name="com.google.firebase.iid.FirebaseInstanceIdService"
112-->[com.google.firebase:firebase-iid:17.0.4] AndroidManifest.xml:51:13-77
113            android:exported="true" >
113-->[com.google.firebase:firebase-iid:17.0.4] AndroidManifest.xml:52:13-36
114            <intent-filter android:priority="-500" >
114-->[com.google.firebase:firebase-iid:17.0.4] AndroidManifest.xml:53:13-55:29
114-->[com.google.firebase:firebase-iid:17.0.4] AndroidManifest.xml:53:28-51
115                <action android:name="com.google.firebase.INSTANCE_ID_EVENT" />
115-->[com.google.firebase:firebase-iid:17.0.4] AndroidManifest.xml:54:17-80
115-->[com.google.firebase:firebase-iid:17.0.4] AndroidManifest.xml:54:25-77
116            </intent-filter>
117        </service>
118
119        <activity
119-->[com.google.android.gms:play-services-base:16.0.1] AndroidManifest.xml:23:9-26:75
120            android:name="com.google.android.gms.common.api.GoogleApiActivity"
120-->[com.google.android.gms:play-services-base:16.0.1] AndroidManifest.xml:24:13-79
121            android:exported="false"
121-->[com.google.android.gms:play-services-base:16.0.1] AndroidManifest.xml:25:13-37
122            android:theme="@android:style/Theme.Translucent.NoTitleBar" />
122-->[com.google.android.gms:play-services-base:16.0.1] AndroidManifest.xml:26:13-72
123
124        <provider
124-->[com.google.firebase:firebase-common:16.0.4] AndroidManifest.xml:10:9-14:39
125            android:name="com.google.firebase.provider.FirebaseInitProvider"
125-->[com.google.firebase:firebase-common:16.0.4] AndroidManifest.xml:11:13-77
126            android:authorities="com.creaginetech.lbbtutor.firebaseinitprovider"
126-->[com.google.firebase:firebase-common:16.0.4] AndroidManifest.xml:12:13-72
127            android:exported="false"
127-->[com.google.firebase:firebase-common:16.0.4] AndroidManifest.xml:13:13-37
128            android:initOrder="100" />
128-->[com.google.firebase:firebase-common:16.0.4] AndroidManifest.xml:14:13-36
129
130        <meta-data
130-->[com.google.android.gms:play-services-basement:16.1.0] AndroidManifest.xml:23:9-25:69
131            android:name="com.google.android.gms.version"
131-->[com.google.android.gms:play-services-basement:16.1.0] AndroidManifest.xml:24:13-58
132            android:value="@integer/google_play_services_version" />
132-->[com.google.android.gms:play-services-basement:16.1.0] AndroidManifest.xml:25:13-66
133    </application>
134
135</manifest>